<?xml version="1.0" encoding="UTF-8"?>
<!-- Generated by org.testng.reporters.JUnitXMLReporter -->
<testsuite hostname="wks60249" ignored="1" name="Test" tests="8" failures="4" timestamp="16 Nov 2019 12:37:55 GMT" time="0.87" errors="0">
  <testcase name="testLogin" time="0.047" classname="com.uiFrameworkk.pentland.testScripts.Test1"/>
  <testcase name="testLogin1" time="0.002" classname="com.uiFrameworkk.pentland.testScripts.Test1">
    <failure type="java.lang.AssertionError" message="expected [true] but found [false]">
      <![CDATA[java.lang.AssertionError: expected [true] but found [false]
at com.uiFrameworkk.pentland.helper.assertion.AssertionHelper.makeFalse(AssertionHelper.java:28)
at com.uiFrameworkk.pentland.testScripts.Test1.testLogin1(Test1.java:17)
... Removed 29 stack frames]]>
    </failure>
  </testcase> <!-- testLogin1 -->
  <testcase name="testLogin2" time="0.001" classname="com.uiFrameworkk.pentland.testScripts.Test1"/>
  <testcase name="testLogin3" time="0.003" classname="com.uiFrameworkk.pentland.testScripts.Test1">
    <failure type="java.lang.AssertionError" message="expected [true] but found [false]">
      <![CDATA[java.lang.AssertionError: expected [true] but found [false]
at com.uiFrameworkk.pentland.helper.assertion.AssertionHelper.makeFalse(AssertionHelper.java:28)
at com.uiFrameworkk.pentland.testScripts.Test1.testLogin3(Test1.java:27)
... Removed 29 stack frames]]>
    </failure>
  </testcase> <!-- testLogin3 -->
  <testcase name="testLogin" time="0.002" classname="com.uiFrameworkk.pentland.testScripts.Test2"/>
  <testcase name="testLogin1" time="0.001" classname="com.uiFrameworkk.pentland.testScripts.Test2">
    <failure type="java.lang.AssertionError" message="expected [true] but found [false]">
      <![CDATA[java.lang.AssertionError: expected [true] but found [false]
at com.uiFrameworkk.pentland.helper.assertion.AssertionHelper.makeFalse(AssertionHelper.java:28)
at com.uiFrameworkk.pentland.testScripts.Test2.testLogin1(Test2.java:16)
... Removed 29 stack frames]]>
    </failure>
  </testcase> <!-- testLogin1 -->
  <testcase name="testLogin2" time="0.001" classname="com.uiFrameworkk.pentland.testScripts.Test2"/>
  <testcase name="testLogin3" time="0.003" classname="com.uiFrameworkk.pentland.testScripts.Test2">
    <failure type="java.lang.AssertionError" message="expected [true] but found [false]">
      <![CDATA[java.lang.AssertionError: expected [true] but found [false]
at com.uiFrameworkk.pentland.helper.assertion.AssertionHelper.makeFalse(AssertionHelper.java:28)
at com.uiFrameworkk.pentland.testScripts.Test2.testLogin3(Test2.java:26)
... Removed 29 stack frames]]>
    </failure>
  </testcase> <!-- testLogin3 -->
  <testcase name="@BeforeSuite beforeSuite" time="0.0" classname="com.uiFrameworkk.pentland.testbase.TestBase">
    <ignored/>
  </testcase> <!-- @BeforeSuite beforeSuite -->
</testsuite> <!-- Test -->
